<?xml version="1.0" encoding="UTF-8"?>
<!-- Generated by org.testng.reporters.JUnitXMLReporter -->
<testsuite hostname="NL-C02YF21DJGH5" ignored="0" name="Smoke" tests="4" failures="0" timestamp="23 Jul 2020 14:44:47 GMT" time="52.006" errors="0">
  <testcase name="RunScenario" time="2.485" classname="MyRunner.TestRunner"/>
  <testcase name="RunScenario" time="1.268" classname="MyRunner.TestRunner"/>
  <testcase name="RunScenario" time="1.213" classname="MyRunner.TestRunner"/>
  <testcase name="RunScenario" time="0.628" classname="MyRunner.TestRunner"/>
</testsuite> <!-- Smoke -->
